<?xml version="1.0" encoding="UTF-8"?>
<testng-results skipped="0" failed="0" total="4" passed="4">
  <reporter-output>
  </reporter-output>
  <suite name="TestCases" duration-ms="97369" started-at="2020-06-18T11:21:01Z" finished-at="2020-06-18T11:22:38Z">
    <groups>
    </groups>
    <test name="Enterpriseuserlogin" duration-ms="97369" started-at="2020-06-18T11:21:01Z" finished-at="2020-06-18T11:22:38Z">
      <class name="TestCases.Login">
        <test-method status="PASS" signature="openbrowser(java.lang.reflect.Method)[pri:0, instance:TestCases.Login@1e67a849]" name="openbrowser" is-config="true" duration-ms="12289" started-at="2020-06-18T16:51:01Z" finished-at="2020-06-18T16:51:13Z">
          <params>
            <param index="0">
              <value>
                <![CDATA[public void TestCases.Login.loginoperations() throws java.lang.Exception]]>
              </value>
            </param>
          </params>
          <reporter-output>
          </reporter-output>
        </test-method> <!-- openbrowser -->
        <test-method status="PASS" signature="loginoperations()[pri:0, instance:TestCases.Login@1e67a849]" name="loginoperations" duration-ms="13610" started-at="2020-06-18T16:51:13Z" finished-at="2020-06-18T16:51:27Z">
          <reporter-output>
          </reporter-output>
        </test-method> <!-- loginoperations -->
      </class> <!-- TestCases.Login -->
      <class name="TestCases.Logout">
        <test-method status="PASS" signature="logoutoperations()[pri:0, instance:TestCases.Logout@36f0f1be]" name="logoutoperations" duration-ms="17347" started-at="2020-06-18T16:52:21Z" finished-at="2020-06-18T16:52:38Z">
          <reporter-output>
          </reporter-output>
        </test-method> <!-- logoutoperations -->
        <test-method status="PASS" signature="closebrowser()[pri:0, instance:TestCases.Logout@36f0f1be]" name="closebrowser" is-config="true" duration-ms="145" started-at="2020-06-18T16:52:38Z" finished-at="2020-06-18T16:52:38Z">
          <reporter-output>
          </reporter-output>
        </test-method> <!-- closebrowser -->
      </class> <!-- TestCases.Logout -->
      <class name="TestCases.Create_Campaign">
        <test-method status="PASS" signature="cretecampaign()[pri:0, instance:TestCases.Create_Campaign@57d5872c]" name="cretecampaign" duration-ms="40183" started-at="2020-06-18T16:51:27Z" finished-at="2020-06-18T16:52:07Z">
          <reporter-output>
          </reporter-output>
        </test-method> <!-- cretecampaign -->
      </class> <!-- TestCases.Create_Campaign -->
      <class name="TestCases.Dashboard">
        <test-method status="PASS" signature="dashboardoperations()[pri:0, instance:TestCases.Dashboard@667a738]" name="dashboardoperations" duration-ms="13767" started-at="2020-06-18T16:52:07Z" finished-at="2020-06-18T16:52:21Z">
          <reporter-output>
          </reporter-output>
        </test-method> <!-- dashboardoperations -->
      </class> <!-- TestCases.Dashboard -->
    </test> <!-- Enterpriseuserlogin -->
  </suite> <!-- TestCases -->
</testng-results>
